<?xml version="1.0" encoding="UTF-8"?>
<robot generator="Robot 3.2.1 (Python 3.8.5 on win32)" generated="20201013 19:12:30.469" rpa="false">
<suite id="s1" name="Element" source="C:\Users\USER\robotframework\pRessources\testCases\element.robot">
<test id="s1-t1" name="TC_001">
<kw name="Open Browser" library="SeleniumLibrary">
<doc>Opens a new browser instance to the optional ``url``.</doc>
<arguments>
<arg>${url}</arg>
<arg>${browser}</arg>
</arguments>
<msg timestamp="20201013 19:12:30.763" level="INFO">Opening browser 'ff' to base url 'http://omayo.blogspot.com/'.</msg>
<msg timestamp="20201013 19:12:30.766" level="INFO">Firefox driver log is always forced to to: C:\Users\USER\robotframework\pRessources\geckodriver-5.log</msg>
<status status="PASS" starttime="20201013 19:12:30.763" endtime="20201013 19:12:38.084"></status>
</kw>
<kw name="Maximize Browser Window" library="SeleniumLibrary">
<doc>Maximizes current browser window.</doc>
<status status="PASS" starttime="20201013 19:12:38.085" endtime="20201013 19:12:38.345"></status>
</kw>
<kw name="Set Selenium Speed" library="SeleniumLibrary">
<doc>Sets the delay that is waited after each Selenium command.</doc>
<arguments>
<arg>3s</arg>
</arguments>
<status status="PASS" starttime="20201013 19:12:38.346" endtime="20201013 19:12:38.347"></status>
</kw>
<kw name="Select From List By Index" library="SeleniumLibrary">
<doc>Selects options from selection list ``locator`` by ``indexes``.</doc>
<arguments>
<arg>id=drop1</arg>
<arg>1</arg>
</arguments>
<msg timestamp="20201013 19:12:38.347" level="INFO">Selecting options from selection list 'id=drop1' by index 1.</msg>
<status status="PASS" starttime="20201013 19:12:38.347" endtime="20201013 19:13:05.710"></status>
</kw>
<kw name="Select From List By Value" library="SeleniumLibrary">
<doc>Selects options from selection list ``locator`` by ``values``.</doc>
<arguments>
<arg>id=drop1</arg>
<arg>jkl</arg>
</arguments>
<msg timestamp="20201013 19:13:05.712" level="INFO">Selecting options from selection list 'id=drop1' by value jkl.</msg>
<status status="PASS" starttime="20201013 19:13:05.711" endtime="20201013 19:13:26.997"></status>
</kw>
<kw name="Select From List By Label" library="SeleniumLibrary">
<doc>Selects options from selection list ``locator`` by ``labels``.</doc>
<arguments>
<arg>id=drop1</arg>
<arg>doc 4</arg>
</arguments>
<msg timestamp="20201013 19:13:26.999" level="INFO">Selecting options from selection list 'id=drop1' by label doc 4.</msg>
<status status="PASS" starttime="20201013 19:13:26.998" endtime="20201013 19:13:48.264"></status>
</kw>
<kw name="Close Browser" library="SeleniumLibrary">
<doc>Closes the current browser.</doc>
<status status="PASS" starttime="20201013 19:13:48.265" endtime="20201013 19:13:52.690"></status>
</kw>
<status status="PASS" starttime="20201013 19:12:30.762" endtime="20201013 19:13:52.693" critical="yes"></status>
</test>
<test id="s1-t2" name="TC_002">
<kw name="Open Browser" library="SeleniumLibrary">
<doc>Opens a new browser instance to the optional ``url``.</doc>
<arguments>
<arg>${url}</arg>
<arg>${browser}</arg>
</arguments>
<msg timestamp="20201013 19:13:52.698" level="INFO">Opening browser 'ff' to base url 'http://omayo.blogspot.com/'.</msg>
<msg timestamp="20201013 19:13:52.703" level="INFO">Firefox driver log is always forced to to: C:\Users\USER\robotframework\pRessources\geckodriver-6.log</msg>
<status status="PASS" starttime="20201013 19:13:52.698" endtime="20201013 19:14:03.228"></status>
</kw>
<kw name="Maximize Browser Window" library="SeleniumLibrary">
<doc>Maximizes current browser window.</doc>
<status status="PASS" starttime="20201013 19:14:03.229" endtime="20201013 19:14:06.491"></status>
</kw>
<kw name="Set Selenium Speed" library="SeleniumLibrary">
<doc>Sets the delay that is waited after each Selenium command.</doc>
<arguments>
<arg>3s</arg>
</arguments>
<status status="PASS" starttime="20201013 19:14:06.493" endtime="20201013 19:14:06.494"></status>
</kw>
<kw name="Select From List By Label" library="SeleniumLibrary">
<doc>Selects options from selection list ``locator`` by ``labels``.</doc>
<arguments>
<arg>id=multiselect1</arg>
<arg>Volvo</arg>
</arguments>
<msg timestamp="20201013 19:14:06.496" level="INFO">Selecting options from selection list 'id=multiselect1' by label Volvo.</msg>
<status status="PASS" starttime="20201013 19:14:06.495" endtime="20201013 19:14:27.841"></status>
</kw>
<kw name="Select From List By Label" library="SeleniumLibrary">
<doc>Selects options from selection list ``locator`` by ``labels``.</doc>
<arguments>
<arg>id=multiselect1</arg>
<arg>Audi</arg>
</arguments>
<msg timestamp="20201013 19:14:27.842" level="INFO">Selecting options from selection list 'id=multiselect1' by label Audi.</msg>
<status status="PASS" starttime="20201013 19:14:27.841" endtime="20201013 19:14:49.133"></status>
</kw>
<kw name="Select From List By Label" library="SeleniumLibrary">
<doc>Selects options from selection list ``locator`` by ``labels``.</doc>
<arguments>
<arg>id=multiselect1</arg>
<arg>Swift</arg>
</arguments>
<msg timestamp="20201013 19:14:49.137" level="INFO">Selecting options from selection list 'id=multiselect1' by label Swift.</msg>
<status status="PASS" starttime="20201013 19:14:49.135" endtime="20201013 19:15:10.432"></status>
</kw>
<kw name="Close Browser" library="SeleniumLibrary">
<doc>Closes the current browser.</doc>
<status status="PASS" starttime="20201013 19:15:10.434" endtime="20201013 19:15:14.871"></status>
</kw>
<status status="PASS" starttime="20201013 19:13:52.696" endtime="20201013 19:15:14.873" critical="yes"></status>
</test>
<status status="PASS" starttime="20201013 19:12:30.475" endtime="20201013 19:15:14.879"></status>
</suite>
<statistics>
<total>
<stat pass="2" fail="0">Critical Tests</stat>
<stat pass="2" fail="0">All Tests</stat>
</total>
<tag>
</tag>
<suite>
<stat pass="2" fail="0" id="s1" name="Element">Element</stat>
</suite>
</statistics>
<errors>
</errors>
</robot>
