<?xml version="1.0" encoding="UTF-8"?>
<robot generator="Robot 3.2.1 (Python 3.8.5 on win32)" generated="20201013 20:11:08.405" rpa="false">
<suite id="s1" name="pRessources" source="C:\Users\USER\git\pratiqueRobot\pRessources">
<suite id="s1-s1" name="testCases" source="C:\Users\USER\git\pratiqueRobot\pRessources\testCases">
<suite id="s1-s1-s1" name="Element" source="C:\Users\USER\git\pratiqueRobot\pRessources\testCases\element.robot">
<test id="s1-s1-s1-t1" name="TC_003">
<kw name="Log To Console" library="BuiltIn">
<doc>Logs the given message to the console.</doc>
<arguments>
<arg>nouveau ajout</arg>
</arguments>
<status status="PASS" starttime="20201013 20:11:08.960" endtime="20201013 20:11:08.960"></status>
</kw>
<status status="PASS" starttime="20201013 20:11:08.959" endtime="20201013 20:11:08.961" critical="yes"></status>
</test>
<status status="PASS" starttime="20201013 20:11:08.528" endtime="20201013 20:11:08.962"></status>
</suite>
<status status="PASS" starttime="20201013 20:11:08.523" endtime="20201013 20:11:08.966"></status>
</suite>
<status status="PASS" starttime="20201013 20:11:08.491" endtime="20201013 20:11:08.967"></status>
</suite>
<statistics>
<total>
<stat pass="1" fail="0">Critical Tests</stat>
<stat pass="1" fail="0">All Tests</stat>
</total>
<tag>
</tag>
<suite>
<stat pass="1" fail="0" id="s1" name="pRessources">pRessources</stat>
<stat pass="1" fail="0" id="s1-s1" name="testCases">pRessources.testCases</stat>
<stat pass="1" fail="0" id="s1-s1-s1" name="Element">pRessources.testCases.Element</stat>
</suite>
</statistics>
<errors>
</errors>
</robot>
